<?xml version="1.0" encoding="UTF-8"?>
<!-- Generated by org.testng.reporters.JUnitXMLReporter -->
<testsuite ignored="2" hostname="LAPTOP-3BSBMPRO" failures="0" tests="2" name="Test Search Craigslist" time="7.881" errors="0" timestamp="2021-12-01T11:31:06 CST">
  <testcase classname="Craigslist.TestCraigslistAptAndHousingMinVerify" name="test_Creaiglist_Verify_Min_Box_Is_Visible" time="4.551"/>
  <testcase classname="Craigslist.TestCraigslistMaxVerify" name="test_Creaiglist_Verify_Max_Box_Is_Visible" time="3.328"/>
  <testcase classname="Base.Base2" name="@BeforeSuite setup" time="0.0">
    <ignored/>
  </testcase> <!-- @BeforeSuite setup -->
  <testcase classname="Base.Base2" name="@AfterSuite close" time="0.0">
    <ignored/>
  </testcase> <!-- @AfterSuite close -->
</testsuite> <!-- Test Search Craigslist -->
