<?xml version="1.0" encoding="UTF-8"?>
<!-- Generated by org.testng.reporters.JUnitXMLReporter -->
<testsuite ignored="8" hostname="LAPTOP-3BSBMPRO" failures="0" tests="7" name="Test" time="29.573" errors="0" timestamp="2021-11-03T12:46:16 CDT">
  <testcase classname="Amazon.Amazon_Verify_Go_Button_Test" name="test_Amazon_Verify_Go_Button_Is_Visible" time="5.519"/>
  <testcase classname="Amazon.Amazon_Verify_Go_Button_Test" name="test_Amazon_Verify_Go_Button_Is_Enabled" time="4.591"/>
  <testcase classname="Amazon.Amazon_Verify_Max_Box_Test" name="test_Amazon_Verify_Max_Box_Is_Visible" time="4.036"/>
  <testcase classname="Amazon.Amazon_Verify_Min_Box_Test" name="test_Amazon_Verify_Min_Box_Is_Visible" time="3.794"/>
  <testcase classname="Craigslist.TestCraigslistAptAndHousingMinVerify" name="test_Creaiglist_Verify_Min_Box_Is_Visible" time="5.214"/>
  <testcase classname="Craigslist.TestCraigslistMaxVerify" name="test_Creaiglist_Verify_Max_Box_Is_Visible" time="2.729"/>
  <testcase classname="Google.Test_Google" name="test_Google_Is_Visible" time="3.628"/>
  <testcase classname="Base.Base" name="@BeforeSuite setup" time="0.0">
    <ignored/>
  </testcase> <!-- @BeforeSuite setup -->
  <testcase classname="Base.Base" name="@BeforeSuite setup" time="0.0">
    <ignored/>
  </testcase> <!-- @BeforeSuite setup -->
  <testcase classname="Base.Base2" name="@BeforeSuite setup" time="0.0">
    <ignored/>
  </testcase> <!-- @BeforeSuite setup -->
  <testcase classname="Base.Base2" name="@BeforeSuite setup" time="0.0">
    <ignored/>
  </testcase> <!-- @BeforeSuite setup -->
  <testcase classname="Base.Base" name="@AfterSuite close" time="0.0">
    <ignored/>
  </testcase> <!-- @AfterSuite close -->
  <testcase classname="Base.Base" name="@AfterSuite close" time="0.0">
    <ignored/>
  </testcase> <!-- @AfterSuite close -->
  <testcase classname="Base.Base2" name="@AfterSuite close" time="0.0">
    <ignored/>
  </testcase> <!-- @AfterSuite close -->
  <testcase classname="Base.Base2" name="@AfterSuite close" time="0.0">
    <ignored/>
  </testcase> <!-- @AfterSuite close -->
</testsuite> <!-- Test -->
