<?xml version="1.0" encoding="UTF-8"?>
<!-- Generated by org.testng.reporters.JUnitXMLReporter -->
<testsuite ignored="4" hostname="LAPTOP-3BSBMPRO" failures="0" tests="4" name="Test Search Amazon" time="34.298" errors="0" timestamp="2021-12-01T11:30:58 CST">
  <testcase classname="Amazon.Amazon_Verify_Go_Button_Test" name="test_Amazon_Verify_Go_Button_Is_Visible" time="18.804"/>
  <testcase classname="Amazon.Amazon_Verify_Go_Button_Test" name="test_Amazon_Verify_Go_Button_Is_Enabled" time="8.473"/>
  <testcase classname="Amazon.Amazon_Verify_Max_Box_Test" name="test_Amazon_Verify_Max_Box_Is_Visible" time="3.777"/>
  <testcase classname="Amazon.Amazon_Verify_Min_Box_Test" name="test_Amazon_Verify_Min_Box_Is_Visible" time="3.184"/>
  <testcase classname="Base.Base" name="@BeforeSuite setup" time="0.0">
    <ignored/>
  </testcase> <!-- @BeforeSuite setup -->
  <testcase classname="Base.Base" name="@BeforeSuite setup" time="0.0">
    <ignored/>
  </testcase> <!-- @BeforeSuite setup -->
  <testcase classname="Base.Base" name="@AfterSuite close" time="0.0">
    <ignored/>
  </testcase> <!-- @AfterSuite close -->
  <testcase classname="Base.Base" name="@AfterSuite close" time="0.0">
    <ignored/>
  </testcase> <!-- @AfterSuite close -->
</testsuite> <!-- Test Search Amazon -->
